--
-- PostgreSQL database dump
--

SET statement_timeout = 0;
SET client_encoding = 'UTF8';
SET standard_conforming_strings = on;
SET check_function_bodies = false;
SET client_min_messages = warning;

SET search_path = public, pg_catalog;

--
-- Name: comments_id_seq; Type: SEQUENCE SET; Schema: public; Owner: calenshare
--

SELECT pg_catalog.setval('comments_id_seq', 1, false);


--
-- Name: events_id_seq; Type: SEQUENCE SET; Schema: public; Owner: calenshare
--

SELECT pg_catalog.setval('events_id_seq', 1, false);


--
-- Name: invites_id_seq; Type: SEQUENCE SET; Schema: public; Owner: calenshare
--

SELECT pg_catalog.setval('invites_id_seq', 1, false);


--
-- Name: relationships_id_seq; Type: SEQUENCE SET; Schema: public; Owner: calenshare
--

SELECT pg_catalog.setval('relationships_id_seq', 1, true);


--
-- Name: rsvps_id_seq; Type: SEQUENCE SET; Schema: public; Owner: calenshare
--

SELECT pg_catalog.setval('rsvps_id_seq', 1, false);


--
-- Name: sessions_id_seq; Type: SEQUENCE SET; Schema: public; Owner: calenshare
--

SELECT pg_catalog.setval('sessions_id_seq', 9, true);


--
-- Name: users_id_seq; Type: SEQUENCE SET; Schema: public; Owner: calenshare
--

SELECT pg_catalog.setval('users_id_seq', 1, true);


--
-- Data for Name: comments; Type: TABLE DATA; Schema: public; Owner: calenshare
--

COPY comments (id, content, creator, event_id, created_at, updated_at) FROM stdin;
\.


--
-- Data for Name: events; Type: TABLE DATA; Schema: public; Owner: calenshare
--

COPY events (id, starts_at, ends_at, title, description, location, created_at, updated_at, user_id, min, max, map_location, duration, visibility) FROM stdin;
\.


--
-- Data for Name: invites; Type: TABLE DATA; Schema: public; Owner: calenshare
--

COPY invites (id, email, event_id, created_at, updated_at) FROM stdin;
\.


--
-- Data for Name: relationships; Type: TABLE DATA; Schema: public; Owner: calenshare
--

COPY relationships (id, follower_id, followed_id, created_at, updated_at, toggled, confirmed) FROM stdin;
1	1	1	2012-08-07 16:25:37.808626	2012-08-07 16:30:25.652144	f	t
\.


--
-- Data for Name: rsvps; Type: TABLE DATA; Schema: public; Owner: calenshare
--

COPY rsvps (id, guest_id, plan_id, created_at, updated_at) FROM stdin;
\.


--
-- Data for Name: schema_migrations; Type: TABLE DATA; Schema: public; Owner: calenshare
--

COPY schema_migrations (version) FROM stdin;
20120703165006
20120703212012
20120705151040
20120705153222
20120705223628
20120707175900
20120710150150
20120711190040
20120717210403
20120718015304
20120723142007
20120724164001
20120724175532
20120725164716
20120726193615
20120726214945
20120730151823
20120730170715
20120730183147
20120731191754
20120806212803
\.


--
-- Data for Name: sessions; Type: TABLE DATA; Schema: public; Owner: calenshare
--

COPY sessions (id, session_id, data, created_at, updated_at) FROM stdin;
9	c240c8507a2fa3177006a39b8155d8ac	BAh7B0kiCmZsYXNoBjoGRUZvOiVBY3Rpb25EaXNwYXRjaDo6Rmxhc2g6OkZs\nYXNoSGFzaAk6CkB1c2VkbzoIU2V0BjoKQGhhc2h7BjoLbm90aWNlVDoMQGNs\nb3NlZEY6DUBmbGFzaGVzewY7CkkiHVNpZ25lZCBvdXQgc3VjY2Vzc2Z1bGx5\nLgY7AFQ6CUBub3cwSSIQX2NzcmZfdG9rZW4GOwBGSSIxekF2VFpYMHIwTDJM\nN2FFWml6ak40RDIwT1FRQVpYMjJXQ3VOQkhOOWVhUT0GOwBG\n	2012-08-07 17:56:48.776128	2012-08-07 17:56:48.796826
\.


--
-- Data for Name: users; Type: TABLE DATA; Schema: public; Owner: calenshare
--

COPY users (id, email, encrypted_password, reset_password_token, reset_password_sent_at, remember_created_at, sign_in_count, current_sign_in_at, last_sign_in_at, current_sign_in_ip, last_sign_in_ip, created_at, updated_at, terms, provider, uid, require_confirm_follow, notify_noncritical_change, daily_digest, notify_event_reminders, name, authentication_token, city) FROM stdin;
1	msfenchel@gmail.com	$2a$10$.VPu9JqAv9rrfysQTVoLk.YGxHXJn1wX79aEAJitQKlKecg37esqC	\N	\N	\N	4	2012-08-07 17:56:24.622185	2012-08-07 16:30:00.190634	127.0.0.1	127.0.0.1	2012-08-07 16:20:11.836156	2012-08-07 17:56:48.771156	t	facebook	2232003	t	f	t	t	Michael Fenchel	ukj31sx6x7aBi7rezfaq	Madison, Wisconsin
\.


--
-- PostgreSQL database dump complete
--

--
-- PostgreSQL database dump
--

SET statement_timeout = 0;
SET client_encoding = 'UTF8';
SET standard_conforming_strings = on;
SET check_function_bodies = false;
SET client_min_messages = warning;

SET search_path = public, pg_catalog;

--
-- Name: comments_id_seq; Type: SEQUENCE SET; Schema: public; Owner: calenshare
--

SELECT pg_catalog.setval('comments_id_seq', 1, false);


--
-- Name: events_id_seq; Type: SEQUENCE SET; Schema: public; Owner: calenshare
--

SELECT pg_catalog.setval('events_id_seq', 1, false);


--
-- Name: invites_id_seq; Type: SEQUENCE SET; Schema: public; Owner: calenshare
--

SELECT pg_catalog.setval('invites_id_seq', 1, false);


--
-- Name: relationships_id_seq; Type: SEQUENCE SET; Schema: public; Owner: calenshare
--

SELECT pg_catalog.setval('relationships_id_seq', 1, true);


--
-- Name: rsvps_id_seq; Type: SEQUENCE SET; Schema: public; Owner: calenshare
--

SELECT pg_catalog.setval('rsvps_id_seq', 1, false);


--
-- Name: sessions_id_seq; Type: SEQUENCE SET; Schema: public; Owner: calenshare
--

SELECT pg_catalog.setval('sessions_id_seq', 9, true);


--
-- Name: users_id_seq; Type: SEQUENCE SET; Schema: public; Owner: calenshare
--

SELECT pg_catalog.setval('users_id_seq', 1, true);


--
-- Data for Name: comments; Type: TABLE DATA; Schema: public; Owner: calenshare
--

COPY comments (id, content, creator, event_id, created_at, updated_at) FROM stdin;
\.


--
-- Data for Name: events; Type: TABLE DATA; Schema: public; Owner: calenshare
--

COPY events (id, starts_at, ends_at, title, description, location, created_at, updated_at, user_id, min, max, map_location, duration, visibility) FROM stdin;
\.


--
-- Data for Name: invites; Type: TABLE DATA; Schema: public; Owner: calenshare
--

COPY invites (id, email, event_id, created_at, updated_at) FROM stdin;
\.


--
-- Data for Name: relationships; Type: TABLE DATA; Schema: public; Owner: calenshare
--

COPY relationships (id, follower_id, followed_id, created_at, updated_at, toggled, confirmed) FROM stdin;
1	1	1	2012-08-07 16:25:37.808626	2012-08-07 16:30:25.652144	f	t
\.


--
-- Data for Name: rsvps; Type: TABLE DATA; Schema: public; Owner: calenshare
--

COPY rsvps (id, guest_id, plan_id, created_at, updated_at) FROM stdin;
\.


--
-- Data for Name: schema_migrations; Type: TABLE DATA; Schema: public; Owner: calenshare
--

COPY schema_migrations (version) FROM stdin;
20120703165006
20120703212012
20120705151040
20120705153222
20120705223628
20120707175900
20120710150150
20120711190040
20120717210403
20120718015304
20120723142007
20120724164001
20120724175532
20120725164716
20120726193615
20120726214945
20120730151823
20120730170715
20120730183147
20120731191754
20120806212803
\.


--
-- Data for Name: sessions; Type: TABLE DATA; Schema: public; Owner: calenshare
--

COPY sessions (id, session_id, data, created_at, updated_at) FROM stdin;
9	c240c8507a2fa3177006a39b8155d8ac	BAh7B0kiCmZsYXNoBjoGRUZvOiVBY3Rpb25EaXNwYXRjaDo6Rmxhc2g6OkZs\nYXNoSGFzaAk6CkB1c2VkbzoIU2V0BjoKQGhhc2h7BjoLbm90aWNlVDoMQGNs\nb3NlZEY6DUBmbGFzaGVzewY7CkkiHVNpZ25lZCBvdXQgc3VjY2Vzc2Z1bGx5\nLgY7AFQ6CUBub3cwSSIQX2NzcmZfdG9rZW4GOwBGSSIxekF2VFpYMHIwTDJM\nN2FFWml6ak40RDIwT1FRQVpYMjJXQ3VOQkhOOWVhUT0GOwBG\n	2012-08-07 17:56:48.776128	2012-08-07 17:56:48.796826
\.


--
-- Data for Name: users; Type: TABLE DATA; Schema: public; Owner: calenshare
--

COPY users (id, email, encrypted_password, reset_password_token, reset_password_sent_at, remember_created_at, sign_in_count, current_sign_in_at, last_sign_in_at, current_sign_in_ip, last_sign_in_ip, created_at, updated_at, terms, provider, uid, require_confirm_follow, notify_noncritical_change, daily_digest, notify_event_reminders, name, authentication_token, city) FROM stdin;
1	msfenchel@gmail.com	$2a$10$.VPu9JqAv9rrfysQTVoLk.YGxHXJn1wX79aEAJitQKlKecg37esqC	\N	\N	\N	4	2012-08-07 17:56:24.622185	2012-08-07 16:30:00.190634	127.0.0.1	127.0.0.1	2012-08-07 16:20:11.836156	2012-08-07 17:56:48.771156	t	facebook	2232003	t	f	t	t	Michael Fenchel	ukj31sx6x7aBi7rezfaq	Madison, Wisconsin
\.


--
-- PostgreSQL database dump complete
--

